<?xml version="1.0" encoding="UTF-8"?>
<!-- Generated by org.testng.reporters.JUnitXMLReporter -->
<testsuite hostname="DESKTOP-6NI868R" ignored="2" name="Default test" tests="1" failures="0" timestamp="28 Nov 2019 08:04:07 GMT" time="4.065" errors="0">
  <testcase name="GetNonBDD_withHashMap_Test" time="4.01" classname="non.BDD.example.GetNonBDDAPI"/>
  <testcase name="GetNonBDDTest" time="0.0" classname="non.BDD.example.GetNonBDDAPI">
    <ignored/>
  </testcase> <!-- GetNonBDDTest -->
  <testcase name="GetNonBDD_withQueryParam_Test" time="0.0" classname="non.BDD.example.GetNonBDDAPI">
    <ignored/>
  </testcase> <!-- GetNonBDD_withQueryParam_Test -->
</testsuite> <!-- Default test -->
