<?xml version="1.0" encoding="UTF-8"?>
<testng-results skipped="0" failed="0" ignored="2" total="3" passed="1">
  <reporter-output>
  </reporter-output>
  <suite name="Default suite" duration-ms="4065" started-at="2019-11-28T08:04:03Z" finished-at="2019-11-28T08:04:07Z">
    <groups>
    </groups>
    <test name="Default test" duration-ms="4065" started-at="2019-11-28T08:04:03Z" finished-at="2019-11-28T08:04:07Z">
      <class name="non.BDD.example.GetNonBDDAPI">
        <test-method status="PASS" signature="GetNonBDD_withHashMap_Test()[pri:0, instance:non.BDD.example.GetNonBDDAPI@5c3bd550]" name="GetNonBDD_withHashMap_Test" duration-ms="4010" started-at="2019-11-28T08:04:03Z" finished-at="2019-11-28T08:04:07Z">
          <reporter-output>
          </reporter-output>
        </test-method> <!-- GetNonBDD_withHashMap_Test -->
      </class> <!-- non.BDD.example.GetNonBDDAPI -->
    </test> <!-- Default test -->
  </suite> <!-- Default suite -->
</testng-results>
